<?xml version="1.0" encoding="UTF-8"?>
<!-- Generated by org.testng.reporters.JUnitReportReporter -->
<testsuite skipped="0" hostname="DESKTOP-HVHHLB8" name="test.DeductionsNavigationtest" tests="1" failures="0" timestamp="2020-05-31T23:59:11 IST" time="13.961" errors="0">
  <testcase name="opendedtab" time="13.961" classname="test.DeductionsNavigationtest"/>
</testsuite> <!-- test.DeductionsNavigationtest -->
