<?xml version="1.0" encoding="UTF-8"?>
<!-- Generated by org.testng.reporters.JUnitReportReporter -->
<testsuite skipped="0" hostname="DESKTOP-HVHHLB8" name="test.FlightFinderTest" tests="1" failures="0" timestamp="2020-05-21T07:58:37 IST" time="41.951" errors="0">
  <testcase name="verifyflight" time="41.951" classname="test.FlightFinderTest"/>
</testsuite> <!-- test.FlightFinderTest -->
